2023-12-01T01:26:34.407+03:00  INFO 27512 --- [restartedMain] grade.tradeback.TradeBackApplication     : Starting TradeBackApplication using Java 21.0.1 with PID 27512 (D:\IdeaProjects\trade-backend\target\classes started by 37060 in D:\IdeaProjects\trade-backend)
2023-12-01T01:26:34.408+03:00  INFO 27512 --- [restartedMain] grade.tradeback.TradeBackApplication     : No active profile set, falling back to 1 default profile: "default"
2023-12-01T01:26:34.443+03:00  INFO 27512 --- [restartedMain] .e.DevToolsPropertyDefaultsPostProcessor : Devtools property defaults active! Set 'spring.devtools.add-properties' to 'false' to disable
2023-12-01T01:26:34.444+03:00  INFO 27512 --- [restartedMain] .e.DevToolsPropertyDefaultsPostProcessor : For additional web related logging consider setting the 'logging.level.web' property to 'DEBUG'
2023-12-01T01:26:35.087+03:00  INFO 27512 --- [restartedMain] .s.d.r.c.RepositoryConfigurationDelegate : Bootstrapping Spring Data JPA repositories in DEFAULT mode.
2023-12-01T01:26:35.136+03:00  INFO 27512 --- [restartedMain] .s.d.r.c.RepositoryConfigurationDelegate : Finished Spring Data repository scanning in 40 ms. Found 2 JPA repository interfaces.
2023-12-01T01:26:35.757+03:00  INFO 27512 --- [restartedMain] o.s.b.w.embedded.tomcat.TomcatWebServer  : Tomcat initialized with port 8080 (http)
2023-12-01T01:26:35.764+03:00  INFO 27512 --- [restartedMain] o.apache.catalina.core.StandardService   : Starting service [Tomcat]
2023-12-01T01:26:35.765+03:00  INFO 27512 --- [restartedMain] o.apache.catalina.core.StandardEngine    : Starting Servlet engine: [Apache Tomcat/10.1.13]
2023-12-01T01:26:35.811+03:00  INFO 27512 --- [restartedMain] o.a.c.c.C.[Tomcat].[localhost].[/]       : Initializing Spring embedded WebApplicationContext
2023-12-01T01:26:35.811+03:00  INFO 27512 --- [restartedMain] w.s.c.ServletWebServerApplicationContext : Root WebApplicationContext: initialization completed in 1366 ms
2023-12-01T01:26:35.912+03:00  INFO 27512 --- [restartedMain] o.hibernate.jpa.internal.util.LogHelper  : HHH000204: Processing PersistenceUnitInfo [name: default]
2023-12-01T01:26:35.964+03:00  INFO 27512 --- [restartedMain] org.hibernate.Version                    : HHH000412: Hibernate ORM core version 6.3.1.Final
2023-12-01T01:26:35.996+03:00  INFO 27512 --- [restartedMain] o.h.c.internal.RegionFactoryInitiator    : HHH000026: Second-level cache disabled
2023-12-01T01:26:36.195+03:00  INFO 27512 --- [restartedMain] o.s.o.j.p.SpringPersistenceUnitInfo      : No LoadTimeWeaver setup: ignoring JPA class transformer
2023-12-01T01:26:36.214+03:00  INFO 27512 --- [restartedMain] com.zaxxer.hikari.HikariDataSource       : HikariPool-1 - Starting...
2023-12-01T01:26:36.349+03:00  INFO 27512 --- [restartedMain] com.zaxxer.hikari.pool.HikariPool        : HikariPool-1 - Added connection org.postgresql.jdbc.PgConnection@767951a0
2023-12-01T01:26:36.350+03:00  INFO 27512 --- [restartedMain] com.zaxxer.hikari.HikariDataSource       : HikariPool-1 - Start completed.
2023-12-01T01:26:36.392+03:00  WARN 27512 --- [restartedMain] org.hibernate.orm.deprecation            : HHH90000025: PostgreSQLDialect does not need to be specified explicitly using 'hibernate.dialect' (remove the property setting and it will be selected by default)
2023-12-01T01:26:37.151+03:00  INFO 27512 --- [restartedMain] o.h.e.t.j.p.i.JtaPlatformInitiator       : HHH000489: No JTA platform available (set 'hibernate.transaction.jta.platform' to enable JTA platform integration)
2023-12-01T01:26:37.231+03:00  INFO 27512 --- [restartedMain] j.LocalContainerEntityManagerFactoryBean : Initialized JPA EntityManagerFactory for persistence unit 'default'
2023-12-01T01:26:37.515+03:00  INFO 27512 --- [restartedMain] o.s.d.j.r.query.QueryEnhancerFactory     : Hibernate is in classpath; If applicable, HQL parser will be used.
2023-12-01T01:26:37.995+03:00  WARN 27512 --- [restartedMain] JpaBaseConfiguration$JpaWebConfiguration : spring.jpa.open-in-view is enabled by default. Therefore, database queries may be performed during view rendering. Explicitly configure spring.jpa.open-in-view to disable this warning
2023-12-01T01:26:38.182+03:00  INFO 27512 --- [restartedMain] o.s.s.web.DefaultSecurityFilterChain     : Will secure any request with [org.springframework.security.web.session.DisableEncodeUrlFilter@7e332dcd, org.springframework.security.web.context.request.async.WebAsyncManagerIntegrationFilter@38c1b78b, org.springframework.security.web.context.SecurityContextHolderFilter@7b002712, org.springframework.security.web.header.HeaderWriterFilter@14a13d26, org.springframework.web.filter.CorsFilter@4f0396d0, org.springframework.security.web.authentication.logout.LogoutFilter@388c1b41, org.springframework.web.filter.CorsFilter@4f0396d0, grade.tradeback.config.JwtAuthenticationFilter@3948bc5b, org.springframework.security.web.savedrequest.RequestCacheAwareFilter@b63b8bb, org.springframework.security.web.servletapi.SecurityContextHolderAwareRequestFilter@6eda9be8, org.springframework.security.web.authentication.AnonymousAuthenticationFilter@6959da29, org.springframework.security.web.session.SessionManagementFilter@3b4d147b, org.springframework.security.web.access.ExceptionTranslationFilter@789920d0, org.springframework.security.web.access.intercept.AuthorizationFilter@b79b9b1]
2023-12-01T01:26:38.366+03:00  INFO 27512 --- [restartedMain] o.s.b.d.a.OptionalLiveReloadServer       : LiveReload server is running on port 35729
2023-12-01T01:26:38.399+03:00  INFO 27512 --- [restartedMain] o.s.b.w.embedded.tomcat.TomcatWebServer  : Tomcat started on port 8080 (http) with context path ''
2023-12-01T01:26:38.405+03:00  INFO 27512 --- [restartedMain] grade.tradeback.TradeBackApplication     : Started TradeBackApplication in 4.385 seconds (process running for 5.085)
2023-12-01T01:26:43.418+03:00  INFO 27512 --- [http-nio-8080-exec-1] o.a.c.c.C.[Tomcat].[localhost].[/]       : Initializing Spring DispatcherServlet 'dispatcherServlet'
2023-12-01T01:26:43.418+03:00  INFO 27512 --- [http-nio-8080-exec-1] o.s.web.servlet.DispatcherServlet        : Initializing Servlet 'dispatcherServlet'
2023-12-01T01:26:43.419+03:00  INFO 27512 --- [http-nio-8080-exec-1] o.s.web.servlet.DispatcherServlet        : Completed initialization in 1 ms
2023-12-01T01:27:20.076+03:00  INFO 27512 --- [SpringApplicationShutdownHook] j.LocalContainerEntityManagerFactoryBean : Closing JPA EntityManagerFactory for persistence unit 'default'
2023-12-01T01:27:20.078+03:00  INFO 27512 --- [SpringApplicationShutdownHook] com.zaxxer.hikari.HikariDataSource       : HikariPool-1 - Shutdown initiated...
2023-12-01T01:27:20.080+03:00  INFO 27512 --- [SpringApplicationShutdownHook] com.zaxxer.hikari.HikariDataSource       : HikariPool-1 - Shutdown completed.
